<?xml version="1.0" encoding="UTF-8"?>
<testsuite xmlns:xsi="http://www.w3.org/2001/XMLSchema-instance" xsi:noNamespaceSchemaLocation="https://maven.apache.org/surefire/maven-surefire-plugin/xsd/surefire-test-report-3.0.xsd" version="3.0" name="me.opc.se.database.MainTest" time="2.025" tests="6" errors="0" skipped="0" failures="0">
  <properties>
[...]
</properties>
  <testcase name="testSimpleGreet" classname="me.opc.se.database.MainTest" time="0.198">
    <system-out><![CDATA[2023.09.14 06:54:26 INFO io.helidon.common.LogConfig Thread[#1,main,5,main]: Logging at initialization configured using /home/opc/FY24-cnstudy/FY24-CN-Study/03Helidon/database-se/target/classes/logging.properties
2023.09.14 06:54:26 INFO com.zaxxer.hikari.HikariDataSource Thread[#1,main,5,main]: h2 - Starting...
2023.09.14 06:54:26 INFO com.zaxxer.hikari.HikariDataSource Thread[#1,main,5,main]: h2 - Start completed.
2023.09.14 06:54:27 INFO io.helidon.common.HelidonFeatures Thread[#35,features-thread,5,main]: Helidon SE 3.2.2 features: [Config, Db Client, Fault Tolerance, Health, Metrics, Tracing, Web Client, WebServer]
2023.09.14 06:54:27 INFO io.helidon.webserver.NettyWebServer Thread[#36,nioEventLoopGroup-2-1,10,main]: Channel '@default' started: [id: 0xaf3a84df, L:/[0:0:0:0:0:0:0:0]:8080]
Database here : http://localhost:8080/pokemon
2023.09.14 06:54:27 INFO me.opc.se.database.SimpleGreetService Thread[#38,nioEventLoopGroup-3-1,10,main]: Greeting message is Hello World!
]]></system-out>
  </testcase>
  <testcase name="testPokemonTypes" classname="me.opc.se.database.MainTest" time="0.091"/>
  <testcase name="testMetrics" classname="me.opc.se.database.MainTest" time="0.039"/>
  <testcase name="testPokemons" classname="me.opc.se.database.MainTest" time="0.095"/>
  <testcase name="testHealth" classname="me.opc.se.database.MainTest" time="0.046"/>
  <testcase name="testMicroprofileMetrics" classname="me.opc.se.database.MainTest" time="0.035">
    <system-out><![CDATA[2023.09.14 06:54:28 INFO me.opc.se.database.SimpleGreetService Thread[#38,nioEventLoopGroup-3-1,10,main]: Greeting message is Hello World!
]]></system-out>
  </testcase>
</testsuite>